<?xml version="1.0" encoding="UTF-8"?>
<!-- Generated by org.testng.reporters.JUnitReportReporter -->
<testsuite hostname="IT421758" failures="0" tests="1" name="SumValidation" time="1.078" errors="0" timestamp="2024-10-16T14:16:51 NZDT" skipped="0">
  <testcase classname="SumValidation" name="sumOfCourses" time="1.078"/>
  <system-out/>
</testsuite> <!-- SumValidation -->
