<?xml version="1.0" encoding="UTF-8"?>
<!-- Generated by org.testng.reporters.JUnitReportReporter -->
<testsuite hostname="IT421758" failures="0" tests="1" name="files.DynamicJson" time="2.139" errors="0" timestamp="2024-10-17T11:00:59 NZDT" skipped="0">
  <testcase classname="files.DynamicJson" name="addBook" time="2.139"/>
  <system-out/>
</testsuite> <!-- files.DynamicJson -->
